[01:42:44] [Async Chat Thread - #15/INFO]: <Michel_k> &shi
[01:42:49] [Async Chat Thread - #15/INFO]: <Michel_k> &s
[01:55:23] [Server thread/INFO]: Michel_k lost connection: Disconnected
[01:55:26] [Server thread/INFO]: Michel_k left the game
[01:55:26] [Server thread/WARN]: Can't keep up! Is the server overloaded? Running 7000ms or 140 ticks behind
[09:15:00] [User Authenticator #13/INFO]: UUID of player yomilp is e779c01e-f524-4bff-bf41-c90a0b166f03
[09:15:00] [Server thread/INFO]: yomilp joined the game
[09:15:00] [Server thread/INFO]: yomilp[/88.217.180.115:51169] logged in with entity id 180616 at ([Xmas]-344.94689075374, 95.0, 364.2725559729367)
[09:18:21] [Server thread/INFO]: yomilp has made the advancement [Eye Spy]
[09:18:40] [Server thread/INFO]: yomilp has made the advancement [The End?]
[09:32:20] [Server thread/INFO]: yomilp lost connection: Disconnected
[09:32:20] [Server thread/INFO]: yomilp left the game
[09:33:20] [User Authenticator #14/INFO]: UUID of player yomilp is e779c01e-f524-4bff-bf41-c90a0b166f03
[09:33:20] [Server thread/INFO]: yomilp joined the game
[09:33:20] [Server thread/INFO]: yomilp[/88.217.180.115:51118] logged in with entity id 188026 at ([Xmas_the_end]83.30000001192093, 58.0, -32.440124230485985)
[09:46:42] [Server thread/INFO]: yomilp has made the advancement [What a Deal!]
[10:31:31] [Server thread/INFO]: yomilp lost connection: Disconnected
[10:31:31] [Server thread/INFO]: yomilp left the game
[11:44:09] [User Authenticator #15/INFO]: UUID of player yomilp is e779c01e-f524-4bff-bf41-c90a0b166f03
[11:44:09] [Server thread/INFO]: yomilp joined the game
[11:44:09] [Server thread/INFO]: yomilp[/88.217.180.115:51088] logged in with entity id 208375 at ([Xmas]-431.5126577563147, 116.0, 428.6673199191146)
[11:49:59] [Server thread/INFO]: yomilp lost connection: Disconnected
[11:49:59] [Server thread/INFO]: yomilp left the game
[12:05:33] [User Authenticator #16/INFO]: UUID of player yomilp is e779c01e-f524-4bff-bf41-c90a0b166f03
[12:05:33] [Server thread/INFO]: yomilp joined the game
[12:05:33] [Server thread/INFO]: yomilp[/88.217.180.115:51099] logged in with entity id 210152 at ([Xmas]-352.9617384498818, 103.5, 366.79429621294736)
[12:12:41] [Server thread/INFO]: yomilp has made the advancement [Not Today, Thank You]
[12:34:32] [Server thread/INFO]: yomilp lost connection: Disconnected
[12:34:32] [Server thread/INFO]: yomilp left the game
[12:35:57] [User Authenticator #17/INFO]: UUID of player yomilp is e779c01e-f524-4bff-bf41-c90a0b166f03
[12:35:57] [Server thread/INFO]: yomilp joined the game
[12:35:57] [Server thread/INFO]: yomilp[/88.217.180.115:51169] logged in with entity id 216546 at ([Xmas]-530.3000000119209, -56.0, 310.78753803148015)
[12:52:54] [Server thread/INFO]: yomilp has made the advancement [Diamonds!]
[12:53:12] [Server thread/INFO]: yomilp lost connection: Disconnected
[12:53:12] [Server thread/INFO]: yomilp left the game
[13:19:05] [Server thread/INFO]: Stopping server
[13:19:05] [Server thread/INFO]: [TabTPS] Disabling TabTPS v1.3.11
